09:29:33.005 [main] INFO  testCases.TC_001_AcctRegistration - *** Starting TC_001_AcctRegistration ***
09:29:33.208 [main] INFO  testCases.TC_001_AcctRegistration - Clicked on My account
09:29:34.223 [main] INFO  testCases.TC_001_AcctRegistration - Clicked on Register link
09:29:34.232 [main] INFO  testCases.TC_001_AcctRegistration - Providing customer data
09:29:39.288 [main] INFO  testCases.TC_001_AcctRegistration - Clicked on continue
09:59:02.223 [main] INFO  testCases.TC_001_AcctRegistration - *** Starting TC_001_AcctRegistration ***
09:59:02.454 [main] INFO  testCases.TC_001_AcctRegistration - Clicked on My account
09:59:03.012 [main] INFO  testCases.TC_001_AcctRegistration - Clicked on Register link
09:59:03.016 [main] INFO  testCases.TC_001_AcctRegistration - Providing customer data
09:59:07.774 [main] INFO  testCases.TC_001_AcctRegistration - Clicked on continue
10:01:12.681 [main] INFO  testCases.TC_001_AcctRegistration - *** Starting TC_001_AcctRegistration ***
10:01:12.987 [main] INFO  testCases.TC_001_AcctRegistration - Clicked on My account
10:01:13.859 [main] INFO  testCases.TC_001_AcctRegistration - Clicked on Register link
10:01:13.862 [main] INFO  testCases.TC_001_AcctRegistration - Providing customer data
10:01:18.897 [main] INFO  testCases.TC_001_AcctRegistration - Clicked on continue
10:03:13.374 [main] INFO  testCases.TC_001_AcctRegistration - *** Starting TC_001_AcctRegistration ***
10:03:13.720 [main] INFO  testCases.TC_001_AcctRegistration - Clicked on My account
10:03:14.206 [main] INFO  testCases.TC_001_AcctRegistration - Clicked on Register link
10:03:14.211 [main] INFO  testCases.TC_001_AcctRegistration - Providing customer data
10:03:19.093 [main] INFO  testCases.TC_001_AcctRegistration - Clicked on continue
10:06:28.080 [main] INFO  testCases.TC_001_AcctRegistration - *** Starting TC_001_AcctRegistration ***
10:06:28.371 [main] INFO  testCases.TC_001_AcctRegistration - Clicked on My account
10:06:28.966 [main] INFO  testCases.TC_001_AcctRegistration - Clicked on Register link
10:06:28.972 [main] INFO  testCases.TC_001_AcctRegistration - Providing customer data
10:06:33.827 [main] INFO  testCases.TC_001_AcctRegistration - Clicked on continue
08:41:32.538 [main] DEBUG testCases.TC_001_AcctRegistration - Application logs...
08:41:32.546 [main] INFO  testCases.TC_001_AcctRegistration - *** Starting TC_001_AcctRegistration ***
08:41:32.852 [main] INFO  testCases.TC_001_AcctRegistration - Clicked on My account
08:41:34.249 [main] INFO  testCases.TC_001_AcctRegistration - Clicked on Register link
08:41:34.254 [main] INFO  testCases.TC_001_AcctRegistration - Providing customer data
08:41:39.643 [main] INFO  testCases.TC_001_AcctRegistration - Clicked on continue
08:47:15.173 [main] INFO  testCases.TC_001_AcctRegistration - *** Starting TC_001_AcctRegistration ***
08:47:15.465 [main] INFO  testCases.TC_001_AcctRegistration - Clicked on My account
08:47:16.274 [main] INFO  testCases.TC_001_AcctRegistration - Clicked on Register link
08:47:16.288 [main] INFO  testCases.TC_001_AcctRegistration - Providing customer data
08:47:21.724 [main] INFO  testCases.TC_001_AcctRegistration - Clicked on continue
09:04:04.580 [main] INFO  testCases.TC_001_AcctRegistration - *** Starting TC_001_AcctRegistration ***
09:04:04.948 [main] INFO  testCases.TC_001_AcctRegistration - Clicked on My account
09:04:06.469 [main] INFO  testCases.TC_001_AcctRegistration - Clicked on Register link
09:04:06.478 [main] INFO  testCases.TC_001_AcctRegistration - Providing customer data
09:04:35.140 [main] INFO  testCases.TC_001_AcctRegistration - *** Starting TC_001_AcctRegistration ***
09:04:35.347 [main] INFO  testCases.TC_001_AcctRegistration - Clicked on My account
09:04:36.810 [main] INFO  testCases.TC_001_AcctRegistration - Clicked on Register link
09:04:36.816 [main] INFO  testCases.TC_001_AcctRegistration - Providing customer data
09:04:42.286 [main] INFO  testCases.TC_001_AcctRegistration - Clicked on continue
09:10:48.103 [TestNG-tests-2] INFO  testCases.TC_001_AcctRegistration - *** Starting TC_001_AcctRegistration ***
09:10:48.466 [TestNG-tests-2] INFO  testCases.TC_001_AcctRegistration - Clicked on My account
09:10:49.568 [TestNG-tests-2] INFO  testCases.TC_001_AcctRegistration - Clicked on Register link
09:10:49.574 [TestNG-tests-2] INFO  testCases.TC_001_AcctRegistration - Providing customer data
09:10:50.458 [TestNG-tests-1] INFO  testCases.TC_001_AcctRegistration - *** Starting TC_001_AcctRegistration ***
09:10:50.835 [TestNG-tests-1] INFO  testCases.TC_001_AcctRegistration - Clicked on My account
09:10:51.875 [TestNG-tests-1] INFO  testCases.TC_001_AcctRegistration - Clicked on Register link
09:10:51.887 [TestNG-tests-1] INFO  testCases.TC_001_AcctRegistration - Providing customer data
09:10:56.068 [TestNG-tests-2] INFO  testCases.TC_001_AcctRegistration - Clicked on continue
09:10:57.258 [TestNG-tests-1] INFO  testCases.TC_001_AcctRegistration - Clicked on continue
09:52:25.884 [main] INFO  testCases.TC_001_AcctRegistration - *** Starting TC_001_AcctRegistration ***
09:52:28.452 [main] INFO  testCases.TC_001_AcctRegistration - Clicked on My account
09:52:29.846 [main] INFO  testCases.TC_001_AcctRegistration - Clicked on Register link
09:52:29.856 [main] INFO  testCases.TC_001_AcctRegistration - Providing customer data
09:52:35.421 [main] INFO  testCases.TC_001_AcctRegistration - Clicked on continue
10:29:51.067 [main] INFO  testCases.TC_001_AcctRegistration - *** Starting TC_001_AcctRegistration ***
10:29:51.255 [main] INFO  testCases.TC_001_AcctRegistration - Clicked on My account
10:29:52.170 [main] INFO  testCases.TC_001_AcctRegistration - Clicked on Register link
10:29:52.174 [main] INFO  testCases.TC_001_AcctRegistration - Providing customer data
10:29:56.857 [main] INFO  testCases.TC_001_AcctRegistration - Clicked on continue
10:32:30.130 [main] INFO  testCases.TC_001_AcctRegistration - *** Starting TC_001_AcctRegistration ***
10:32:30.507 [main] INFO  testCases.TC_001_AcctRegistration - Clicked on My account
10:32:31.375 [main] INFO  testCases.TC_001_AcctRegistration - Clicked on Register link
10:32:31.379 [main] INFO  testCases.TC_001_AcctRegistration - Providing customer data
10:32:36.419 [main] INFO  testCases.TC_001_AcctRegistration - Clicked on continue
13:00:24.205 [main] INFO  testCases.TC_002_LoginTest - *** TC_002_LoginTest started *** 
13:02:46.453 [main] INFO  testCases.TC_002_LoginTest - *** TC_002_LoginTest started *** 
13:03:35.649 [main] INFO  testCases.TC_002_LoginTest - *** TC_002_LoginTest started *** 
09:29:32.039 [main] INFO  testCases.TC_002_LoginTest - *** TC_002_LoginTest started *** 
10:53:36.935 [main] INFO  testCases.TC_003_LoginDataDrivenTest - *** TC_002_LoginTest started *** 
10:53:38.612 [main] INFO  testCases.TC_003_LoginDataDrivenTest - *** TC_002_LoginTest started *** 
10:53:39.617 [main] INFO  testCases.TC_003_LoginDataDrivenTest - *** TC_002_LoginTest started *** 
10:53:40.460 [main] INFO  testCases.TC_003_LoginDataDrivenTest - *** TC_002_LoginTest started *** 
10:53:41.883 [main] INFO  testCases.TC_003_LoginDataDrivenTest - *** TC_002_LoginTest started *** 
10:55:33.813 [main] INFO  testCases.TC_003_LoginDataDrivenTest - *** TC_002_LoginTest started *** 
10:55:46.709 [main] INFO  testCases.TC_003_LoginDataDrivenTest - *** TC_002_LoginTest finished *** 
10:55:46.737 [main] INFO  testCases.TC_003_LoginDataDrivenTest - *** TC_002_LoginTest started *** 
10:55:57.948 [main] INFO  testCases.TC_003_LoginDataDrivenTest - *** TC_002_LoginTest finished *** 
10:55:57.959 [main] INFO  testCases.TC_003_LoginDataDrivenTest - *** TC_002_LoginTest started *** 
10:56:09.335 [main] INFO  testCases.TC_003_LoginDataDrivenTest - *** TC_002_LoginTest finished *** 
10:56:09.344 [main] INFO  testCases.TC_003_LoginDataDrivenTest - *** TC_002_LoginTest started *** 
10:56:20.561 [main] INFO  testCases.TC_003_LoginDataDrivenTest - *** TC_002_LoginTest finished *** 
10:56:20.569 [main] INFO  testCases.TC_003_LoginDataDrivenTest - *** TC_002_LoginTest started *** 
08:53:21.690 [main] INFO  testCases.TC_003_LoginDataDrivenTest - *** TC_002_LoginTest started *** 
08:53:29.985 [main] INFO  testCases.TC_003_LoginDataDrivenTest - *** TC_002_LoginTest finished *** 
08:53:30.084 [main] INFO  testCases.TC_003_LoginDataDrivenTest - *** TC_002_LoginTest started *** 
08:53:30.249 [main] INFO  testCases.TC_003_LoginDataDrivenTest - *** TC_002_LoginTest started *** 
08:53:30.368 [main] INFO  testCases.TC_003_LoginDataDrivenTest - *** TC_002_LoginTest started *** 
08:53:30.505 [main] INFO  testCases.TC_003_LoginDataDrivenTest - *** TC_002_LoginTest started *** 
09:01:31.877 [main] INFO  testCases.TC_002_LoginTest - *** TC_002_LoginTest started *** 
09:04:23.722 [main] INFO  testCases.TC_002_LoginTest - *** TC_002_LoginTest started *** 
09:06:07.112 [main] INFO  testCases.TC_001_AcctRegistrationTest - *** Starting TC_001_AcctRegistration ***
09:06:13.171 [main] INFO  testCases.TC_001_AcctRegistrationTest - Clicked on continue
09:06:28.190 [main] INFO  testCases.TC_002_LoginTest - *** TC_002_LoginTest started *** 
09:11:09.044 [main] INFO  testCases.TC_002_LoginTest - *** TC_002_LoginTest started *** 
18:49:21.950 [main] INFO  testCases.TC_001_AcctRegistrationTest - *** Starting TC_001_AcctRegistration ***
18:49:28.757 [main] INFO  testCases.TC_001_AcctRegistrationTest - Clicked on continue
18:50:39.776 [main] INFO  testCases.TC_001_AcctRegistrationTest - *** Starting TC_001_AcctRegistration ***
18:50:46.984 [main] INFO  testCases.TC_001_AcctRegistrationTest - Clicked on continue
19:08:39.982 [main] INFO  testCases.TC_001_AcctRegistrationTest - *** Starting TC_001_AcctRegistration ***
19:08:48.257 [main] INFO  testCases.TC_001_AcctRegistrationTest - Clicked on continue
